<?xml version="1.0" encoding="UTF-8"?><testsuite errors="1" failures="0" name="user shopping" skipped="0" tests="1" time="41.59" timestamp="2023-01-13 06:26:51"><testcase name="Scenario"><error type="java.lang.NullPointerException"/><system-err>null&#13;
task.ShippingTv.performAs(ShippingTv.java:49)&#13;
stepdefinitions.ShoppingUserStepDefinition.the_user_wants_to_buy_a_product(ShoppingUserStepDefinition.java:28)&#13;
cucumber.runner.Runner.runPickle(Runner.java:80)&#13;
</system-err></testcase></testsuite>